<?xml version="1.0" encoding="UTF-8"?>
<!-- Generated by org.testng.reporters.JUnitReportReporter -->
<testsuite hostname="Gyaneshs-MacBook-Pro.local" failures="0" tests="3" name="test.LoginTest2" time="4.317" errors="0" timestamp="2025-09-09T12:16:29 IST" skipped="2">
  <testcase classname="test.LoginTest2" name="loginTest" time="4.317"/>
  <testcase classname="test.LoginTest2" name="urlTest">
    <skipped/>
  </testcase> <!-- urlTest -->
  <testcase classname="test.LoginTest2" name="titleTest">
    <skipped/>
  </testcase> <!-- titleTest -->
</testsuite> <!-- test.LoginTest2 -->
