<?xml version="1.0" encoding="UTF-8"?>
<!-- Generated by org.testng.reporters.JUnitReportReporter -->
<testsuite hostname="Gyaneshs-MacBook-Pro.local" failures="0" tests="2" name="test.DashBoardTest" time="7.155" errors="0" timestamp="2025-09-11T13:47:05 IST" skipped="1">
  <testcase classname="test.DashBoardTest" name="pimLinkTest" time="7.155"/>
  <testcase classname="test.DashBoardTest" name="verifyLogout">
    <skipped/>
  </testcase> <!-- verifyLogout -->
</testsuite> <!-- test.DashBoardTest -->
