<?xml version="1.0" encoding="UTF-8"?>
<!-- Generated by org.testng.reporters.JUnitReportReporter -->
<testsuite hostname="Gyaneshs-MacBook-Pro.local" failures="0" tests="3" name="test.LoginTest" time="6.095" errors="0" timestamp="2025-09-10T13:21:36 IST" skipped="0">
  <testcase classname="test.LoginTest" name="urlTest" time="0.028"/>
  <testcase classname="test.LoginTest" name="titleTest" time="0.007"/>
  <testcase classname="test.LoginTest" name="loginTest" time="6.060"/>
</testsuite> <!-- test.LoginTest -->
