<?xml version="1.0" encoding="UTF-8"?>
<!-- Generated by org.testng.reporters.JUnitReportReporter -->
<testsuite hostname="Gyaneshs-MacBook-Pro.local" failures="0" tests="9" name="test.LoginTest" time="12.505" errors="0" timestamp="2025-09-10T19:08:18 IST" skipped="0">
  <testcase classname="test.LoginTest" name="urlTest" time="0.012"/>
  <testcase classname="test.LoginTest" name="urlTest" time="0.039"/>
  <testcase classname="test.LoginTest" name="urlTest" time="0.014"/>
  <testcase classname="test.LoginTest" name="titleTest" time="0.009"/>
  <testcase classname="test.LoginTest" name="titleTest" time="0.009"/>
  <testcase classname="test.LoginTest" name="titleTest" time="0.021"/>
  <testcase classname="test.LoginTest" name="loginTest" time="2.636"/>
  <testcase classname="test.LoginTest" name="loginTest" time="5.716"/>
  <testcase classname="test.LoginTest" name="loginTest" time="4.049"/>
</testsuite> <!-- test.LoginTest -->
