<?xml version="1.0" encoding="UTF-8"?>
<!-- Generated by org.testng.reporters.JUnitReportReporter -->
<testsuite hostname="Gyaneshs-MacBook-Pro.local" failures="0" tests="3" name="test.LoginTest" time="3.089" errors="0" timestamp="2025-09-09T12:18:01 IST" skipped="0">
  <testcase classname="test.LoginTest" name="urlTest" time="0.022"/>
  <testcase classname="test.LoginTest" name="titleTest" time="0.008"/>
  <testcase classname="test.LoginTest" name="loginTest" time="3.059"/>
</testsuite> <!-- test.LoginTest -->
