<?xml version="1.0" encoding="UTF-8"?>
<!-- Generated by org.testng.reporters.JUnitReportReporter -->
<testsuite hostname="Gyaneshs-MacBook-Pro.local" failures="0" tests="3" name="test.LoginTest" time="2.312" errors="0" timestamp="2025-09-08T15:24:42 IST" skipped="0">
  <testcase classname="test.LoginTest" name="urlTest" time="0.027"/>
  <testcase classname="test.LoginTest" name="titleTest" time="0.006"/>
  <testcase classname="test.LoginTest" name="loginTest" time="2.279"/>
</testsuite> <!-- test.LoginTest -->
